<?xml version="1.0" encoding="UTF-8"?>
<!-- Generated by org.testng.reporters.JUnitXMLReporter -->
<testsuite ignored="0" hostname="Aishwarya" failures="0" tests="4" name="Default test" time="7.23" errors="0" timestamp="2024-10-09T21:54:08 IST">
  <testcase classname="tests.Jira" name="createIssue" time="2.957"/>
  <testcase classname="tests.Jira" name="addAttachment" time="1.836"/>
  <testcase classname="tests.Jira" name="getIssue" time="0.936"/>
  <testcase classname="tests.Jira" name="deleteIssue" time="0.954"/>
</testsuite> <!-- Default test -->
