<?xml version="1.0" encoding="UTF-8"?>
<!-- Generated by org.testng.reporters.JUnitXMLReporter -->
<testsuite ignored="0" hostname="Aishwarya" failures="0" tests="10" name="Test" time="10.951" errors="0" timestamp="2024-10-08T13:47:07 IST">
  <testcase classname="tests.Library" name="testE2E" time="2.749"/>
  <testcase classname="tests.Library" name="testE2E" time="0.74"/>
  <testcase classname="tests.Library" name="testE2E" time="0.675"/>
  <testcase classname="tests.Library" name="testE2E" time="1.84"/>
  <testcase classname="tests.Library" name="testE2E" time="0.62"/>
  <testcase classname="tests.Library" name="testE2E" time="0.667"/>
  <testcase classname="tests.Library" name="testE2E" time="0.645"/>
  <testcase classname="tests.Library" name="testE2E" time="0.569"/>
  <testcase classname="tests.Library" name="testE2E" time="0.592"/>
  <testcase classname="tests.Library" name="testE2E" time="0.594"/>
</testsuite> <!-- Test -->
