<?xml version="1.0" encoding="UTF-8"?>
<testng-results ignored="0" total="10" passed="10" failed="0" skipped="0">
  <reporter-output>
  </reporter-output>
  <suite started-at="2024-10-08T04:30:40 IST" name="Suite" finished-at="2024-10-08T04:30:50 IST" duration-ms="9588">
    <groups>
    </groups>
    <test started-at="2024-10-08T04:30:40 IST" name="Test" finished-at="2024-10-08T04:30:50 IST" duration-ms="9588">
      <class name="tests.Library">
        <test-method is-config="true" signature="setUp()[pri:0, instance:tests.Library@54a7079e]" started-at="2024-10-08T04:30:40 IST" name="setUp" finished-at="2024-10-08T04:30:41 IST" duration-ms="408" status="PASS">
          <reporter-output>
          </reporter-output>
        </test-method> <!-- setUp -->
        <test-method signature="testE2E(java.util.HashMap)[pri:0, instance:tests.Library@54a7079e]" started-at="2024-10-08T04:30:42 IST" name="testE2E" data-provider="addBooks" finished-at="2024-10-08T04:30:44 IST" duration-ms="2690" status="PASS">
          <params>
            <param index="0">
              <value>
                <![CDATA[{book_name=Selenium with Python, aisle=6543, author=Aishwarya, isbn=ISBN}]]>
              </value>
            </param>
          </params>
          <reporter-output>
          </reporter-output>
        </test-method> <!-- testE2E -->
        <test-method signature="testE2E(java.util.HashMap)[pri:0, instance:tests.Library@54a7079e]" started-at="2024-10-08T04:30:44 IST" name="testE2E" data-provider="addBooks" finished-at="2024-10-08T04:30:45 IST" duration-ms="592" status="PASS">
          <params>
            <param index="0">
              <value>
                <![CDATA[{book_name=Postman, aisle=9874, author=Elavarasan, isbn=ISBN}]]>
              </value>
            </param>
          </params>
          <reporter-output>
          </reporter-output>
        </test-method> <!-- testE2E -->
        <test-method signature="testE2E(java.util.HashMap)[pri:0, instance:tests.Library@54a7079e]" started-at="2024-10-08T04:30:45 IST" name="testE2E" data-provider="addBooks" finished-at="2024-10-08T04:30:45 IST" duration-ms="511" status="PASS">
          <params>
            <param index="0">
              <value>
                <![CDATA[{book_name=Soap UI, aisle=7834, author=Rahul, isbn=ISBN}]]>
              </value>
            </param>
          </params>
          <reporter-output>
          </reporter-output>
        </test-method> <!-- testE2E -->
        <test-method signature="testE2E(java.util.HashMap)[pri:0, instance:tests.Library@54a7079e]" started-at="2024-10-08T04:30:45 IST" name="testE2E" data-provider="addBooks" finished-at="2024-10-08T04:30:46 IST" duration-ms="460" status="PASS">
          <params>
            <param index="0">
              <value>
                <![CDATA[{book_name=GraphQL, aisle=6723, author=Aishwarya, isbn=ISBN}]]>
              </value>
            </param>
          </params>
          <reporter-output>
          </reporter-output>
        </test-method> <!-- testE2E -->
        <test-method signature="testE2E(java.util.HashMap)[pri:0, instance:tests.Library@54a7079e]" started-at="2024-10-08T04:30:46 IST" name="testE2E" data-provider="addBooks" finished-at="2024-10-08T04:30:46 IST" duration-ms="502" status="PASS">
          <params>
            <param index="0">
              <value>
                <![CDATA[{book_name=BDD with Java, aisle=8623, author=Elavarasan, isbn=ISBN}]]>
              </value>
            </param>
          </params>
          <reporter-output>
          </reporter-output>
        </test-method> <!-- testE2E -->
        <test-method signature="testE2E(java.util.HashMap)[pri:0, instance:tests.Library@54a7079e]" started-at="2024-10-08T04:30:46 IST" name="testE2E" data-provider="addBooks" finished-at="2024-10-08T04:30:47 IST" duration-ms="558" status="PASS">
          <params>
            <param index="0">
              <value>
                <![CDATA[{book_name=DB testing, aisle=4523, author=Rahul, isbn=ISBN}]]>
              </value>
            </param>
          </params>
          <reporter-output>
          </reporter-output>
        </test-method> <!-- testE2E -->
        <test-method signature="testE2E(java.util.HashMap)[pri:0, instance:tests.Library@54a7079e]" started-at="2024-10-08T04:30:47 IST" name="testE2E" data-provider="addBooks" finished-at="2024-10-08T04:30:48 IST" duration-ms="1219" status="PASS">
          <params>
            <param index="0">
              <value>
                <![CDATA[{book_name=Security testing, aisle=7634, author=Aishwarya, isbn=ISBN}]]>
              </value>
            </param>
          </params>
          <reporter-output>
          </reporter-output>
        </test-method> <!-- testE2E -->
        <test-method signature="testE2E(java.util.HashMap)[pri:0, instance:tests.Library@54a7079e]" started-at="2024-10-08T04:30:48 IST" name="testE2E" data-provider="addBooks" finished-at="2024-10-08T04:30:49 IST" duration-ms="808" status="PASS">
          <params>
            <param index="0">
              <value>
                <![CDATA[{book_name=Penetration testing, aisle=5623, author=Elavarasan, isbn=ISBN}]]>
              </value>
            </param>
          </params>
          <reporter-output>
          </reporter-output>
        </test-method> <!-- testE2E -->
        <test-method signature="testE2E(java.util.HashMap)[pri:0, instance:tests.Library@54a7079e]" started-at="2024-10-08T04:30:49 IST" name="testE2E" data-provider="addBooks" finished-at="2024-10-08T04:30:49 IST" duration-ms="457" status="PASS">
          <params>
            <param index="0">
              <value>
                <![CDATA[{book_name=Load testing, aisle=9804, author=Rahul, isbn=ISBN}]]>
              </value>
            </param>
          </params>
          <reporter-output>
          </reporter-output>
        </test-method> <!-- testE2E -->
        <test-method signature="testE2E(java.util.HashMap)[pri:0, instance:tests.Library@54a7079e]" started-at="2024-10-08T04:30:49 IST" name="testE2E" data-provider="addBooks" finished-at="2024-10-08T04:30:50 IST" duration-ms="477" status="PASS">
          <params>
            <param index="0">
              <value>
                <![CDATA[{book_name=Mutation testing, aisle=5634, author=Aishwarya, isbn=ISBN}]]>
              </value>
            </param>
          </params>
          <reporter-output>
          </reporter-output>
        </test-method> <!-- testE2E -->
      </class> <!-- tests.Library -->
    </test> <!-- Test -->
  </suite> <!-- Suite -->
</testng-results>
