<?xml version="1.0" encoding="UTF-8"?>
<testng-results ignored="0" total="10" passed="10" failed="0" skipped="0">
  <reporter-output>
  </reporter-output>
  <suite started-at="2024-10-08T13:46:56 IST" name="Suite" finished-at="2024-10-08T13:47:07 IST" duration-ms="10951">
    <groups>
    </groups>
    <test started-at="2024-10-08T13:46:56 IST" name="Test" finished-at="2024-10-08T13:47:07 IST" duration-ms="10951">
      <class name="tests.Library">
        <test-method is-config="true" signature="setUp()[pri:0, instance:tests.Library@54a7079e]" started-at="2024-10-08T13:46:56 IST" name="setUp" finished-at="2024-10-08T13:46:57 IST" duration-ms="388" status="PASS">
          <reporter-output>
          </reporter-output>
        </test-method> <!-- setUp -->
        <test-method signature="testE2E(java.util.HashMap)[pri:0, instance:tests.Library@54a7079e]" started-at="2024-10-08T13:46:58 IST" name="testE2E" data-provider="addBooks" finished-at="2024-10-08T13:47:00 IST" duration-ms="2749" status="PASS">
          <params>
            <param index="0">
              <value>
                <![CDATA[{book_name=Selenium with Python, aisle=6543, author=Aishwarya, isbn=ISBN}]]>
              </value>
            </param>
          </params>
          <reporter-output>
          </reporter-output>
        </test-method> <!-- testE2E -->
        <test-method signature="testE2E(java.util.HashMap)[pri:0, instance:tests.Library@54a7079e]" started-at="2024-10-08T13:47:00 IST" name="testE2E" data-provider="addBooks" finished-at="2024-10-08T13:47:01 IST" duration-ms="740" status="PASS">
          <params>
            <param index="0">
              <value>
                <![CDATA[{book_name=Postman, aisle=9874, author=Elavarasan, isbn=ISBN}]]>
              </value>
            </param>
          </params>
          <reporter-output>
          </reporter-output>
        </test-method> <!-- testE2E -->
        <test-method signature="testE2E(java.util.HashMap)[pri:0, instance:tests.Library@54a7079e]" started-at="2024-10-08T13:47:01 IST" name="testE2E" data-provider="addBooks" finished-at="2024-10-08T13:47:02 IST" duration-ms="675" status="PASS">
          <params>
            <param index="0">
              <value>
                <![CDATA[{book_name=Soap UI, aisle=7834, author=Rahul, isbn=ISBN}]]>
              </value>
            </param>
          </params>
          <reporter-output>
          </reporter-output>
        </test-method> <!-- testE2E -->
        <test-method signature="testE2E(java.util.HashMap)[pri:0, instance:tests.Library@54a7079e]" started-at="2024-10-08T13:47:02 IST" name="testE2E" data-provider="addBooks" finished-at="2024-10-08T13:47:04 IST" duration-ms="1840" status="PASS">
          <params>
            <param index="0">
              <value>
                <![CDATA[{book_name=GraphQL, aisle=6723, author=Aishwarya, isbn=ISBN}]]>
              </value>
            </param>
          </params>
          <reporter-output>
          </reporter-output>
        </test-method> <!-- testE2E -->
        <test-method signature="testE2E(java.util.HashMap)[pri:0, instance:tests.Library@54a7079e]" started-at="2024-10-08T13:47:04 IST" name="testE2E" data-provider="addBooks" finished-at="2024-10-08T13:47:04 IST" duration-ms="620" status="PASS">
          <params>
            <param index="0">
              <value>
                <![CDATA[{book_name=BDD with Java, aisle=8623, author=Elavarasan, isbn=ISBN}]]>
              </value>
            </param>
          </params>
          <reporter-output>
          </reporter-output>
        </test-method> <!-- testE2E -->
        <test-method signature="testE2E(java.util.HashMap)[pri:0, instance:tests.Library@54a7079e]" started-at="2024-10-08T13:47:04 IST" name="testE2E" data-provider="addBooks" finished-at="2024-10-08T13:47:05 IST" duration-ms="667" status="PASS">
          <params>
            <param index="0">
              <value>
                <![CDATA[{book_name=DB testing, aisle=4523, author=Rahul, isbn=ISBN}]]>
              </value>
            </param>
          </params>
          <reporter-output>
          </reporter-output>
        </test-method> <!-- testE2E -->
        <test-method signature="testE2E(java.util.HashMap)[pri:0, instance:tests.Library@54a7079e]" started-at="2024-10-08T13:47:05 IST" name="testE2E" data-provider="addBooks" finished-at="2024-10-08T13:47:06 IST" duration-ms="645" status="PASS">
          <params>
            <param index="0">
              <value>
                <![CDATA[{book_name=Security testing, aisle=7634, author=Aishwarya, isbn=ISBN}]]>
              </value>
            </param>
          </params>
          <reporter-output>
          </reporter-output>
        </test-method> <!-- testE2E -->
        <test-method signature="testE2E(java.util.HashMap)[pri:0, instance:tests.Library@54a7079e]" started-at="2024-10-08T13:47:06 IST" name="testE2E" data-provider="addBooks" finished-at="2024-10-08T13:47:06 IST" duration-ms="569" status="PASS">
          <params>
            <param index="0">
              <value>
                <![CDATA[{book_name=Penetration testing, aisle=5623, author=Elavarasan, isbn=ISBN}]]>
              </value>
            </param>
          </params>
          <reporter-output>
          </reporter-output>
        </test-method> <!-- testE2E -->
        <test-method signature="testE2E(java.util.HashMap)[pri:0, instance:tests.Library@54a7079e]" started-at="2024-10-08T13:47:06 IST" name="testE2E" data-provider="addBooks" finished-at="2024-10-08T13:47:07 IST" duration-ms="592" status="PASS">
          <params>
            <param index="0">
              <value>
                <![CDATA[{book_name=Load testing, aisle=9804, author=Rahul, isbn=ISBN}]]>
              </value>
            </param>
          </params>
          <reporter-output>
          </reporter-output>
        </test-method> <!-- testE2E -->
        <test-method signature="testE2E(java.util.HashMap)[pri:0, instance:tests.Library@54a7079e]" started-at="2024-10-08T13:47:07 IST" name="testE2E" data-provider="addBooks" finished-at="2024-10-08T13:47:07 IST" duration-ms="594" status="PASS">
          <params>
            <param index="0">
              <value>
                <![CDATA[{book_name=Mutation testing, aisle=5634, author=Aishwarya, isbn=ISBN}]]>
              </value>
            </param>
          </params>
          <reporter-output>
          </reporter-output>
        </test-method> <!-- testE2E -->
      </class> <!-- tests.Library -->
    </test> <!-- Test -->
  </suite> <!-- Suite -->
</testng-results>
