<?xml version="1.0" encoding="UTF-8"?>
<testng-results ignored="0" total="4" passed="4" failed="0" skipped="0">
  <reporter-output>
  </reporter-output>
  <suite started-at="2024-10-09T21:54:01 IST" name="Default suite" finished-at="2024-10-09T21:54:08 IST" duration-ms="7230">
    <groups>
    </groups>
    <test started-at="2024-10-09T21:54:01 IST" name="Default test" finished-at="2024-10-09T21:54:08 IST" duration-ms="7230">
      <class name="tests.Jira">
        <test-method is-config="true" signature="setUp()[pri:0, instance:tests.Jira@72cc7e6f]" started-at="2024-10-09T21:54:01 IST" name="setUp" finished-at="2024-10-09T21:54:01 IST" duration-ms="485" status="PASS">
          <reporter-output>
          </reporter-output>
        </test-method> <!-- setUp -->
        <test-method signature="createIssue()[pri:0, instance:tests.Jira@72cc7e6f]" started-at="2024-10-09T21:54:01 IST" name="createIssue" finished-at="2024-10-09T21:54:04 IST" duration-ms="2957" status="PASS">
          <reporter-output>
          </reporter-output>
        </test-method> <!-- createIssue -->
        <test-method signature="addAttachment()[pri:0, instance:tests.Jira@72cc7e6f]" started-at="2024-10-09T21:54:04 IST" name="addAttachment" finished-at="2024-10-09T21:54:06 IST" depends-on-methods="tests.Jira.createIssue" duration-ms="1836" status="PASS">
          <reporter-output>
          </reporter-output>
        </test-method> <!-- addAttachment -->
        <test-method signature="getIssue()[pri:0, instance:tests.Jira@72cc7e6f]" started-at="2024-10-09T21:54:06 IST" name="getIssue" finished-at="2024-10-09T21:54:07 IST" depends-on-methods="tests.Jira.addAttachment" duration-ms="936" status="PASS">
          <reporter-output>
          </reporter-output>
        </test-method> <!-- getIssue -->
        <test-method signature="deleteIssue()[pri:0, instance:tests.Jira@72cc7e6f]" started-at="2024-10-09T21:54:07 IST" name="deleteIssue" finished-at="2024-10-09T21:54:08 IST" depends-on-methods="tests.Jira.getIssue" duration-ms="954" status="PASS">
          <reporter-output>
          </reporter-output>
        </test-method> <!-- deleteIssue -->
      </class> <!-- tests.Jira -->
    </test> <!-- Default test -->
  </suite> <!-- Default suite -->
</testng-results>
